2026-05-27 14:41:24,745 - my_logger - DEBUG - logg.py module:(logg) - function division:LineNo.16 - Dividing 10 by 0
2026-05-27 14:41:24,746 - my_logger - DEBUG - logg.py module:(logg) - function <module>:LineNo.25 - Error occurred while dividing: division by zero
2026-05-27 14:41:24,746 - my_logger - ERROR - logg.py module:(logg) - function <module>:LineNo.26 - Error occurred: division by zero, Traceback info: <traceback object at 0x00000176987FCB80>, Traceback details: {'__name__': '__main__', '__doc__': None, '__package__': None, '__loader__': <_frozen_importlib_external.SourceFileLoader object at 0x00000176984ABCE0>, '__spec__': None, '__annotations__': {}, '__builtins__': <module 'builtins' (built-in)>, '__file__': 'c:\\Users\\hp\\Desktop\\B07_Python\\logg.py', '__cached__': None, 'logging': <module 'logging' from 'C:\\Users\\hp\\AppData\\Local\\Programs\\Python\\Python312\\Lib\\logging\\__init__.py'>, 'logger': <Logger my_logger (DEBUG)>, 'division': <function division at 0x000001769849A2A0>, 'e': ZeroDivisionError('division by zero')}
Traceback (most recent call last):
  File "c:\Users\hp\Desktop\B07_Python\logg.py", line 23, in <module>
    division(10, 0)  # This will raise a ZeroDivisionError and log the error
    ^^^^^^^^^^^^^^^
  File "c:\Users\hp\Desktop\B07_Python\logg.py", line 17, in division
    c = a / b
        ~~^~~
ZeroDivisionError: division by zero
2026-05-27 14:41:24,753 - my_logger - INFO - logg.py module:(logg) - function <module>:LineNo.28 - Division completed successfully.
2026-05-27 14:41:24,753 - my_logger - WARNING - logg.py module:(logg) - function <module>:LineNo.29 - This is a warning message.
2026-05-27 14:41:24,753 - my_logger - ERROR - logg.py module:(logg) - function <module>:LineNo.30 - This is an error message.
2026-05-27 14:41:24,753 - my_logger - CRITICAL - logg.py module:(logg) - function <module>:LineNo.31 - This is a critical message.
2026-05-27 16:24:44 - my_logger - DEBUG - logg_enhanced.py module:(logg_enhanced) - function division:LineNo.45 - Dividing 10 by 0
2026-05-27 16:24:44 - my_logger - DEBUG - logg_enhanced.py module:(logg_enhanced) - function <module>:LineNo.60 - Error occurred while dividing: division by zero
2026-05-27 16:24:44 - my_logger - ERROR - logg_enhanced.py module:(logg_enhanced) - function <module>:LineNo.64 - Error occurred: division by zero
Traceback (most recent call last):
  File "c:\Users\hp\Desktop\B07_Python\logg_enhanced.py", line 57, in <module>
    division(10, 0)  # This will raise ZeroDivisionError
    ^^^^^^^^^^^^^^^
  File "c:\Users\hp\Desktop\B07_Python\logg_enhanced.py", line 46, in division
    c = a / b
        ~~^~~
ZeroDivisionError: division by zero
2026-05-27 16:24:44 - my_logger - INFO - logg_enhanced.py module:(logg_enhanced) - function <module>:LineNo.67 - Division completed successfully.
2026-05-27 16:24:44 - my_logger - WARNING - logg_enhanced.py module:(logg_enhanced) - function <module>:LineNo.70 - This is a warning message.
2026-05-27 16:24:44 - my_logger - ERROR - logg_enhanced.py module:(logg_enhanced) - function <module>:LineNo.73 - This is an error message.
2026-05-27 16:24:44 - my_logger - CRITICAL - logg_enhanced.py module:(logg_enhanced) - function <module>:LineNo.76 - This is a critical message.
