2026-05-27 14:51:33,528 - my_logger - DEBUG - function <module>:LineNo.17 - This is a debug message.
2026-05-27 14:51:33,528 - my_logger - INFO - function <module>:LineNo.18 - This is an info message.
2026-05-27 14:51:33,528 - my_logger - WARNING - function <module>:LineNo.19 - This is a warning message.
2026-05-27 14:51:33,528 - my_logger - ERROR - function <module>:LineNo.20 - This is an error message.
2026-05-27 14:51:33,529 - my_logger - CRITICAL - function <module>:LineNo.21 - This is a critical message.
2026-05-27 14:56:32,692 - my_logger - DEBUG - function <module>:LineNo.17 - This is a debug message.
2026-05-27 14:56:32,692 - my_logger - INFO - function <module>:LineNo.18 - This is an info message.
2026-05-27 14:56:32,693 - my_logger - WARNING - function <module>:LineNo.19 - This is a warning message.
2026-05-27 14:56:32,694 - my_logger - ERROR - function <module>:LineNo.20 - This is an error message.
2026-05-27 14:56:32,695 - my_logger - CRITICAL - function <module>:LineNo.21 - This is a critical message.
2026-05-27 14:58:20,223 - my_logger - DEBUG - function <module>:LineNo.18 - This is a debug message.
2026-05-27 14:58:20,224 - my_logger - INFO - function <module>:LineNo.19 - This is an info message.
2026-05-27 14:58:20,224 - my_logger - WARNING - function <module>:LineNo.20 - This is a warning message.
2026-05-27 14:58:20,225 - my_logger - ERROR - function <module>:LineNo.21 - This is an error message.
2026-05-27 14:58:20,225 - my_logger - CRITICAL - function <module>:LineNo.22 - This is a critical message.
2026-05-27 14:58:20,225 - my_logger - ERROR - function <module>:LineNo.35 - This is an error message that will trigger an email notification.
2026-05-27 14:59:20,049 - my_logger - DEBUG - function <module>:LineNo.43 - This is a debug message.
2026-05-27 14:59:20,049 - my_logger - INFO - function <module>:LineNo.44 - This is an info message.
2026-05-27 14:59:20,050 - my_logger - WARNING - function <module>:LineNo.45 - This is a warning message.
2026-05-27 14:59:20,050 - my_logger - ERROR - function <module>:LineNo.46 - This is an error message.
2026-05-27 14:59:22,912 - my_logger - CRITICAL - function <module>:LineNo.47 - This is a critical message.
2026-05-27 15:00:26,703 - my_logger - DEBUG - function <module>:LineNo.43 - This is a debug message.
2026-05-27 15:00:26,703 - my_logger - INFO - function <module>:LineNo.44 - This is an info message.
2026-05-27 15:00:26,704 - my_logger - WARNING - function <module>:LineNo.45 - This is a warning message.
2026-05-27 15:00:26,704 - my_logger - ERROR - function <module>:LineNo.46 - This is an error message.
2026-05-27 15:00:31,370 - my_logger - CRITICAL - function <module>:LineNo.47 - This is a critical message.
2026-05-27 15:04:44,006 - my_logger - DEBUG - function <module>:LineNo.43 - This is a debug message.
2026-05-27 15:04:44,007 - my_logger - INFO - function <module>:LineNo.44 - This is an info message.
2026-05-27 15:04:44,007 - my_logger - WARNING - function <module>:LineNo.45 - This is a warning message.
2026-05-27 15:04:44,007 - my_logger - ERROR - function <module>:LineNo.46 - This is an error message.
2026-05-27 15:04:48,095 - my_logger - CRITICAL - function <module>:LineNo.47 - This is a critical message.
2026-05-27 15:42:15,072 - my_logger - DEBUG - function <module>:LineNo.43 - This is a debug message.
2026-05-27 15:42:15,072 - my_logger - INFO - function <module>:LineNo.44 - This is an info message.
2026-05-27 15:42:15,072 - my_logger - WARNING - function <module>:LineNo.45 - This is a warning message.
2026-05-27 15:42:15,072 - my_logger - ERROR - function <module>:LineNo.46 - This is an error message.
2026-05-27 15:42:17,183 - my_logger - CRITICAL - function <module>:LineNo.47 - This is a critical message.
2026-05-27 15:43:09,948 - my_logger - DEBUG - function <module>:LineNo.43 - This is a debug message.
2026-05-27 15:43:09,948 - my_logger - INFO - function <module>:LineNo.44 - This is an info message.
2026-05-27 15:43:09,948 - my_logger - WARNING - function <module>:LineNo.45 - This is a warning message.
2026-05-27 15:43:09,948 - my_logger - ERROR - function <module>:LineNo.46 - This is an error message.
2026-05-27 15:43:13,466 - my_logger - CRITICAL - function <module>:LineNo.47 - This is a critical message.
2026-05-27 15:43:57,085 - my_logger - DEBUG - function <module>:LineNo.43 - This is a debug message.
2026-05-27 15:43:57,085 - my_logger - INFO - function <module>:LineNo.44 - This is an info message.
2026-05-27 15:43:57,088 - my_logger - WARNING - function <module>:LineNo.45 - This is a warning message.
2026-05-27 15:43:57,088 - my_logger - ERROR - function <module>:LineNo.46 - This is an error message.
2026-05-27 15:44:00,399 - my_logger - CRITICAL - function <module>:LineNo.47 - This is a critical message.
